<?xml version="1.0" encoding="UTF-8"?>
<!-- Generated by org.testng.reporters.JUnitXMLReporter -->
<testsuite hostname="Sumit-PC" ignored="0" name="Regression"
	tests="2" failures="0" timestamp="04 Apr 2020 12:10:35 GMT" time="0.045"
	errors="0">
	<testcase name="@BeforeMethod launchBrowser" time="0.0"
		classname="com.edureka.tentng.M6BaseTest">
		<failure type="org.testng.TestNGException"
			message="
Parameter &amp;apos;browserType&amp;apos; is required by BeforeMethod on method launchBrowser but has not been marked @Optional or defined
in C:\Users\Sumit\workspace\Selenium\testng.xml">
      <![CDATA[org.testng.TestNGException: 
Parameter 'browserType' is required by BeforeMethod on method launchBrowser but has not been marked @Optional or defined
in C:\Users\Sumit\workspace\Selenium\testng.xml
... Removed 24 stack frames]]>
		</failure>
	</testcase> <!-- @BeforeMethod launchBrowser -->
	<testcase name="@BeforeMethod launchBrowser" time="0.0"
		classname="com.edureka.tentng.M6BaseTest">
		<skipped />
	</testcase> <!-- @BeforeMethod launchBrowser -->
	<testcase name="TC_LOGIN1" time="0.001"
		classname="com.edureka.tentng.M6BaseTest">
		<skipped />
	</testcase> <!-- TC_LOGIN1 -->
	<testcase name="TC_LOGIN1" time="0.0" classname="com.edureka.tentng.M6LogIn">
		<skipped />
	</testcase> <!-- TC_LOGIN1 -->
</testsuite> <!-- Regression -->
